<?xml version="1.0" encoding="UTF-8"?>
<testsuite xmlns:xsi="http://www.w3.org/2001/XMLSchema-instance" xsi:noNamespaceSchemaLocation="https://maven.apache.org/surefire/maven-surefire-plugin/xsd/surefire-test-report-3.0.xsd" version="3.0" name="As a librarian, I want to create a new book" time="29.034" tests="2" errors="0" skipped="0" failures="1">
  <properties>
[...]
</properties>
  <testcase name="Create a new book API" classname="As a librarian, I want to create a new book" time="4.799">
    <system-out><![CDATA[Feb 27, 2024 3:22:16 P.M. net.masterthought.cucumber.ReportParser parseJsonFiles
INFO: File 'C:\Users\Owner\AppData\Local\Temp\cucumber3888793245697978912.json' contains 5 features

HTTP/1.1 200 OK
Date: Tue, 27 Feb 2024 20:21:50 GMT
Server: Apache/2.4.18 (Ubuntu)
Access-Control-Allow-Origin: *
Access-Control-Expose-Headers: Content-Length, X-JSON
Access-Control-Allow-Methods: GET, POST, PATCH, PUT, DELETE, OPTIONS
Access-Control-Allow-Headers: *
Content-Length: 604
Keep-Alive: timeout=5, max=100
Connection: Keep-Alive
Content-Type: application/json; charset=utf-8

{
    "token": "eyJ0eXAiOiJKV1QiLCJhbGciOiJIUzI1NiJ9.eyJ1c2VyIjp7ImlkIjoiMTI0NTUiLCJmdWxsX25hbWUiOiJUZXN0IExpYnJhcmlhbiAxMCIsImVtYWlsIjoibGlicmFyaWFuMTBAbGlicmFyeSIsInVzZXJfZ3JvdXBfaWQiOiIyIn0sImlhdCI6MTcwOTA2NTMxMCwiZXhwIjoxNzExNjU3MzEwfQ.p8fFzhMhwAwiYyZ1z6ECvpl7pUGgxhmftB2VvHrwX3Q",
    "redirect_uri": "//library2.cydeo.com/redirect.html?t=eyJ0eXAiOiJKV1QiLCJhbGciOiJIUzI1NiJ9.eyJ1c2VyIjp7ImlkIjoiMTI0NTUiLCJmdWxsX25hbWUiOiJUZXN0IExpYnJhcmlhbiAxMCIsImVtYWlsIjoibGlicmFyaWFuMTBAbGlicmFyeSIsInVzZXJfZ3JvdXBfaWQiOiIyIn0sImlhdCI6MTcwOTA2NTMxMCwiZXhwIjoxNzExNjU3MzEwfQ.p8fFzhMhwAwiYyZ1z6ECvpl7pUGgxhmftB2VvHrwX3Q"
}
requestMap = {name=Beneath the Bleeding6, isbn=1553505042, year=1881, author=Clifton Howe, book_category_id=17, description=Chuck Norris can't test for equality because he has no equal.}
HTTP/1.1 200 OK
Date: Tue, 27 Feb 2024 20:21:51 GMT
Server: Apache/2.4.18 (Ubuntu)
Access-Control-Allow-Origin: *
Access-Control-Expose-Headers: Content-Length, X-JSON
Access-Control-Allow-Methods: GET, POST, PATCH, PUT, DELETE, OPTIONS
Access-Control-Allow-Headers: *
Content-Length: 58
Keep-Alive: timeout=5, max=100
Connection: Keep-Alive
Content-Type: application/json; charset=utf-8

{
    "message": "The book has been created.",
    "book_id": "24329"
}
]]></system-out>
  </testcase>
  <testcase name="Create a new book all layers" classname="As a librarian, I want to create a new book" time="24.235">
    <failure message="expected:&lt;{name=A Catskill Eagle3, isbn=1792710704, year=1177, author=Nelly Hagenes, book_category_id=8, description=Chuck Norris&apos;s first program was kill -9.}&gt; but was:&lt;{}&gt;" type="java.lang.AssertionError"><![CDATA[java.lang.AssertionError: expected:<{name=A Catskill Eagle3, isbn=1792710704, year=1177, author=Nelly Hagenes, book_category_id=8, description=Chuck Norris's first program was kill -9.}> but was:<{}>
]]></failure>
    <system-out><![CDATA[Connecting to database...
CONNECTION SUCCESSFUL
HTTP/1.1 200 OK
Date: Tue, 27 Feb 2024 20:22:00 GMT
Server: Apache/2.4.18 (Ubuntu)
Access-Control-Allow-Origin: *
Access-Control-Expose-Headers: Content-Length, X-JSON
Access-Control-Allow-Methods: GET, POST, PATCH, PUT, DELETE, OPTIONS
Access-Control-Allow-Headers: *
Content-Length: 604
Keep-Alive: timeout=5, max=100
Connection: Keep-Alive
Content-Type: application/json; charset=utf-8

{
    "token": "eyJ0eXAiOiJKV1QiLCJhbGciOiJIUzI1NiJ9.eyJ1c2VyIjp7ImlkIjoiMTI0NTUiLCJmdWxsX25hbWUiOiJUZXN0IExpYnJhcmlhbiAxMCIsImVtYWlsIjoibGlicmFyaWFuMTBAbGlicmFyeSIsInVzZXJfZ3JvdXBfaWQiOiIyIn0sImlhdCI6MTcwOTA2NTMyMCwiZXhwIjoxNzExNjU3MzIwfQ.QWAEUUInv0WRx6rBEvZ1N_bQlmGmVouhBQjd8ZXhI0Y",
    "redirect_uri": "//library2.cydeo.com/redirect.html?t=eyJ0eXAiOiJKV1QiLCJhbGciOiJIUzI1NiJ9.eyJ1c2VyIjp7ImlkIjoiMTI0NTUiLCJmdWxsX25hbWUiOiJUZXN0IExpYnJhcmlhbiAxMCIsImVtYWlsIjoibGlicmFyaWFuMTBAbGlicmFyeSIsInVzZXJfZ3JvdXBfaWQiOiIyIn0sImlhdCI6MTcwOTA2NTMyMCwiZXhwIjoxNzExNjU3MzIwfQ.QWAEUUInv0WRx6rBEvZ1N_bQlmGmVouhBQjd8ZXhI0Y"
}
requestMap = {name=A Catskill Eagle3, isbn=1792710704, year=1177, author=Nelly Hagenes, book_category_id=8, description=Chuck Norris's first program was kill -9.}
HTTP/1.1 200 OK
Date: Tue, 27 Feb 2024 20:22:08 GMT
Server: Apache/2.4.18 (Ubuntu)
Access-Control-Allow-Origin: *
Access-Control-Expose-Headers: Content-Length, X-JSON
Access-Control-Allow-Methods: GET, POST, PATCH, PUT, DELETE, OPTIONS
Access-Control-Allow-Headers: *
Content-Length: 58
Keep-Alive: timeout=5, max=100
Connection: Keep-Alive
Content-Type: application/json; charset=utf-8

{
    "message": "The book has been created.",
    "book_id": "24330"
}
newly created book id = 24330
HTTP/1.1 200 OK
Date: Tue, 27 Feb 2024 20:22:09 GMT
Server: Apache/2.4.18 (Ubuntu)
Access-Control-Allow-Origin: *
Access-Control-Expose-Headers: Content-Length, X-JSON
Access-Control-Allow-Methods: GET, POST, PATCH, PUT, DELETE, OPTIONS
Access-Control-Allow-Headers: *
Content-Length: 604
Keep-Alive: timeout=5, max=100
Connection: Keep-Alive
Content-Type: application/json; charset=utf-8

{
    "token": "eyJ0eXAiOiJKV1QiLCJhbGciOiJIUzI1NiJ9.eyJ1c2VyIjp7ImlkIjoiMTI0NTUiLCJmdWxsX25hbWUiOiJUZXN0IExpYnJhcmlhbiAxMCIsImVtYWlsIjoibGlicmFyaWFuMTBAbGlicmFyeSIsInVzZXJfZ3JvdXBfaWQiOiIyIn0sImlhdCI6MTcwOTA2NTMyOSwiZXhwIjoxNzExNjU3MzI5fQ.uJTPRCu1aIGth-GHZav9KADfo3PwPSonuFgKMyT9Uys",
    "redirect_uri": "//library2.cydeo.com/redirect.html?t=eyJ0eXAiOiJKV1QiLCJhbGciOiJIUzI1NiJ9.eyJ1c2VyIjp7ImlkIjoiMTI0NTUiLCJmdWxsX25hbWUiOiJUZXN0IExpYnJhcmlhbiAxMCIsImVtYWlsIjoibGlicmFyaWFuMTBAbGlicmFyeSIsInVzZXJfZ3JvdXBfaWQiOiIyIn0sImlhdCI6MTcwOTA2NTMyOSwiZXhwIjoxNzExNjU3MzI5fQ.uJTPRCu1aIGth-GHZav9KADfo3PwPSonuFgKMyT9Uys"
}
bookMapApi = {name=A Catskill Eagle3, isbn=1792710704, year=1177, author=Nelly Hagenes, book_category_id=8, description=Chuck Norris's first program was kill -9.}
ERROR OCCURRED WHILE RUNNING QUERY No operations allowed after connection closed.
ERROR OCCURRED WHILE getRowMap Operation not allowed after ResultSet closed
bookMapDb = {}
bookMapDb = {}
ERROR OCCURRED WHILE RUNNING QUERY No operations allowed after connection closed.
ERROR OCCURRED WHILE getCellValue Operation not allowed after ResultSet closed
bookMapUi = {name=A Catskill Eagle3, isbn=1792710704, year=1177, author=Nelly Hagenes, book_category_id=, description=Chuck Norris's first program was kill -9.}
close database connection...
]]></system-out>
    <system-err><![CDATA[Feb 27, 2024 3:21:59 P.M. org.openqa.selenium.devtools.CdpVersionFinder findNearestMatch
WARNING: Unable to find an exact match for CDP version 121, returning the closest version; found: 119; Please update to a Selenium version that supports CDP version 121
java.sql.SQLException: Operation not allowed after ResultSet closed
	at com.mysql.cj.jdbc.exceptions.SQLError.createSQLException(SQLError.java:129)
	at com.mysql.cj.jdbc.exceptions.SQLError.createSQLException(SQLError.java:97)
	at com.mysql.cj.jdbc.exceptions.SQLError.createSQLException(SQLError.java:89)
	at com.mysql.cj.jdbc.exceptions.SQLError.createSQLException(SQLError.java:63)
	at com.mysql.cj.jdbc.result.ResultSetImpl.checkClosed(ResultSetImpl.java:470)
	at com.mysql.cj.jdbc.result.ResultSetImpl.beforeFirst(ResultSetImpl.java:437)
	at com.library.utility.DB_Util.resetCursor(DB_Util.java:92)
	at com.library.utility.DB_Util.getRowMap(DB_Util.java:367)
	at com.library.steps.APIStepDefs.ui_database_and_api_created_book_information_must_match(APIStepDefs.java:169)
	at java.base/jdk.internal.reflect.DirectMethodHandleAccessor.invoke(DirectMethodHandleAccessor.java:104)
	at java.base/java.lang.reflect.Method.invoke(Method.java:578)
	at io.cucumber.java.Invoker.doInvoke(Invoker.java:66)
	at io.cucumber.java.Invoker.invoke(Invoker.java:24)
	at io.cucumber.java.AbstractGlueDefinition.invokeMethod(AbstractGlueDefinition.java:47)
	at io.cucumber.java.JavaStepDefinition.execute(JavaStepDefinition.java:29)
	at io.cucumber.core.runner.CoreStepDefinition.execute(CoreStepDefinition.java:66)
	at io.cucumber.core.runner.PickleStepDefinitionMatch.runStep(PickleStepDefinitionMatch.java:63)
	at io.cucumber.core.runner.ExecutionMode$1.execute(ExecutionMode.java:10)
	at io.cucumber.core.runner.TestStep.executeStep(TestStep.java:85)
	at io.cucumber.core.runner.TestStep.run(TestStep.java:57)
	at io.cucumber.core.runner.PickleStepTestStep.run(PickleStepTestStep.java:51)
	at io.cucumber.core.runner.TestCase.run(TestCase.java:84)
	at io.cucumber.core.runner.Runner.runPickle(Runner.java:75)
	at io.cucumber.junit.PickleRunners$NoStepDescriptions.lambda$run$0(PickleRunners.java:151)
	at io.cucumber.core.runtime.CucumberExecutionContext.lambda$runTestCase$5(CucumberExecutionContext.java:129)
	at io.cucumber.core.runtime.RethrowingThrowableCollector.executeAndThrow(RethrowingThrowableCollector.java:23)
	at io.cucumber.core.runtime.CucumberExecutionContext.runTestCase(CucumberExecutionContext.java:129)
	at io.cucumber.junit.PickleRunners$NoStepDescriptions.run(PickleRunners.java:148)
	at io.cucumber.junit.FeatureRunner.runChild(FeatureRunner.java:144)
	at io.cucumber.junit.FeatureRunner.runChild(FeatureRunner.java:28)
	at org.junit.runners.ParentRunner$4.run(ParentRunner.java:331)
	at org.junit.runners.ParentRunner$1.schedule(ParentRunner.java:79)
	at org.junit.runners.ParentRunner.runChildren(ParentRunner.java:329)
	at org.junit.runners.ParentRunner.access$100(ParentRunner.java:66)
	at org.junit.runners.ParentRunner$2.evaluate(ParentRunner.java:293)
	at org.junit.runners.ParentRunner$3.evaluate(ParentRunner.java:306)
	at org.junit.runners.ParentRunner.run(ParentRunner.java:413)
	at io.cucumber.junit.FeatureRunner.run(FeatureRunner.java:137)
	at io.cucumber.junit.Cucumber.runChild(Cucumber.java:196)
	at io.cucumber.junit.Cucumber.runChild(Cucumber.java:89)
	at org.junit.runners.ParentRunner$4.run(ParentRunner.java:331)
	at org.apache.maven.surefire.junitcore.pc.Scheduler$1.run(Scheduler.java:405)
	at java.base/java.util.concurrent.Executors$RunnableAdapter.call(Executors.java:577)
	at java.base/java.util.concurrent.FutureTask.run(FutureTask.java:317)
	at java.base/java.util.concurrent.ThreadPoolExecutor.runWorker(ThreadPoolExecutor.java:1144)
	at java.base/java.util.concurrent.ThreadPoolExecutor$Worker.run(ThreadPoolExecutor.java:642)
	at java.base/java.lang.Thread.run(Thread.java:1623)
java.sql.SQLException: Operation not allowed after ResultSet closed
	at com.mysql.cj.jdbc.exceptions.SQLError.createSQLException(SQLError.java:129)
	at com.mysql.cj.jdbc.exceptions.SQLError.createSQLException(SQLError.java:97)
	at com.mysql.cj.jdbc.exceptions.SQLError.createSQLException(SQLError.java:89)
	at com.mysql.cj.jdbc.exceptions.SQLError.createSQLException(SQLError.java:63)
	at com.mysql.cj.jdbc.result.ResultSetImpl.checkClosed(ResultSetImpl.java:470)
	at com.mysql.cj.jdbc.result.ResultSetImpl.beforeFirst(ResultSetImpl.java:437)
	at com.library.utility.DB_Util.resetCursor(DB_Util.java:92)
	at com.library.utility.DB_Util.getCellValue(DB_Util.java:216)
	at com.library.utility.DB_Util.getFirstRowFirstColumn(DB_Util.java:251)
	at com.library.steps.APIStepDefs.ui_database_and_api_created_book_information_must_match(APIStepDefs.java:204)
	at java.base/jdk.internal.reflect.DirectMethodHandleAccessor.invoke(DirectMethodHandleAccessor.java:104)
	at java.base/java.lang.reflect.Method.invoke(Method.java:578)
	at io.cucumber.java.Invoker.doInvoke(Invoker.java:66)
	at io.cucumber.java.Invoker.invoke(Invoker.java:24)
	at io.cucumber.java.AbstractGlueDefinition.invokeMethod(AbstractGlueDefinition.java:47)
	at io.cucumber.java.JavaStepDefinition.execute(JavaStepDefinition.java:29)
	at io.cucumber.core.runner.CoreStepDefinition.execute(CoreStepDefinition.java:66)
	at io.cucumber.core.runner.PickleStepDefinitionMatch.runStep(PickleStepDefinitionMatch.java:63)
	at io.cucumber.core.runner.ExecutionMode$1.execute(ExecutionMode.java:10)
	at io.cucumber.core.runner.TestStep.executeStep(TestStep.java:85)
	at io.cucumber.core.runner.TestStep.run(TestStep.java:57)
	at io.cucumber.core.runner.PickleStepTestStep.run(PickleStepTestStep.java:51)
	at io.cucumber.core.runner.TestCase.run(TestCase.java:84)
	at io.cucumber.core.runner.Runner.runPickle(Runner.java:75)
	at io.cucumber.junit.PickleRunners$NoStepDescriptions.lambda$run$0(PickleRunners.java:151)
	at io.cucumber.core.runtime.CucumberExecutionContext.lambda$runTestCase$5(CucumberExecutionContext.java:129)
	at io.cucumber.core.runtime.RethrowingThrowableCollector.executeAndThrow(RethrowingThrowableCollector.java:23)
	at io.cucumber.core.runtime.CucumberExecutionContext.runTestCase(CucumberExecutionContext.java:129)
	at io.cucumber.junit.PickleRunners$NoStepDescriptions.run(PickleRunners.java:148)
	at io.cucumber.junit.FeatureRunner.runChild(FeatureRunner.java:144)
	at io.cucumber.junit.FeatureRunner.runChild(FeatureRunner.java:28)
	at org.junit.runners.ParentRunner$4.run(ParentRunner.java:331)
	at org.junit.runners.ParentRunner$1.schedule(ParentRunner.java:79)
	at org.junit.runners.ParentRunner.runChildren(ParentRunner.java:329)
	at org.junit.runners.ParentRunner.access$100(ParentRunner.java:66)
	at org.junit.runners.ParentRunner$2.evaluate(ParentRunner.java:293)
	at org.junit.runners.ParentRunner$3.evaluate(ParentRunner.java:306)
	at org.junit.runners.ParentRunner.run(ParentRunner.java:413)
	at io.cucumber.junit.FeatureRunner.run(FeatureRunner.java:137)
	at io.cucumber.junit.Cucumber.runChild(Cucumber.java:196)
	at io.cucumber.junit.Cucumber.runChild(Cucumber.java:89)
	at org.junit.runners.ParentRunner$4.run(ParentRunner.java:331)
	at org.apache.maven.surefire.junitcore.pc.Scheduler$1.run(Scheduler.java:405)
	at java.base/java.util.concurrent.Executors$RunnableAdapter.call(Executors.java:577)
	at java.base/java.util.concurrent.FutureTask.run(FutureTask.java:317)
	at java.base/java.util.concurrent.ThreadPoolExecutor.runWorker(ThreadPoolExecutor.java:1144)
	at java.base/java.util.concurrent.ThreadPoolExecutor$Worker.run(ThreadPoolExecutor.java:642)
	at java.base/java.lang.Thread.run(Thread.java:1623)
]]></system-err>
  </testcase>
</testsuite>