<?xml version="1.0" encoding="UTF-8"?>
<testsuite xmlns:xsi="http://www.w3.org/2001/XMLSchema-instance" xsi:noNamespaceSchemaLocation="https://maven.apache.org/surefire/maven-surefire-plugin/xsd/surefire-test-report-3.0.xsd" version="3.0" name="As a librarian, I want to create a new user" time="20.753" tests="2" errors="0" skipped="0" failures="0">
  <properties>
[...]
</properties>
  <testcase name="Create a new user API" classname="As a librarian, I want to create a new user" time="4.753">
    <system-out><![CDATA[HTTP/1.1 200 OK
Date: Tue, 27 Feb 2024 20:21:50 GMT
Server: Apache/2.4.18 (Ubuntu)
Access-Control-Allow-Origin: *
Access-Control-Expose-Headers: Content-Length, X-JSON
Access-Control-Allow-Methods: GET, POST, PATCH, PUT, DELETE, OPTIONS
Access-Control-Allow-Headers: *
Content-Length: 604
Keep-Alive: timeout=5, max=100
Connection: Keep-Alive
Content-Type: application/json; charset=utf-8

{
    "token": "eyJ0eXAiOiJKV1QiLCJhbGciOiJIUzI1NiJ9.eyJ1c2VyIjp7ImlkIjoiMTI0NTUiLCJmdWxsX25hbWUiOiJUZXN0IExpYnJhcmlhbiAxMCIsImVtYWlsIjoibGlicmFyaWFuMTBAbGlicmFyeSIsInVzZXJfZ3JvdXBfaWQiOiIyIn0sImlhdCI6MTcwOTA2NTMxMCwiZXhwIjoxNzExNjU3MzEwfQ.p8fFzhMhwAwiYyZ1z6ECvpl7pUGgxhmftB2VvHrwX3Q",
    "redirect_uri": "//library2.cydeo.com/redirect.html?t=eyJ0eXAiOiJKV1QiLCJhbGciOiJIUzI1NiJ9.eyJ1c2VyIjp7ImlkIjoiMTI0NTUiLCJmdWxsX25hbWUiOiJUZXN0IExpYnJhcmlhbiAxMCIsImVtYWlsIjoibGlicmFyaWFuMTBAbGlicmFyeSIsInVzZXJfZ3JvdXBfaWQiOiIyIn0sImlhdCI6MTcwOTA2NTMxMCwiZXhwIjoxNzExNjU3MzEwfQ.p8fFzhMhwAwiYyZ1z6ECvpl7pUGgxhmftB2VvHrwX3Q"
}
Bruce12@library
requestMap = {full_name=Bruce Fadel, email=Bruce12@library, password=libraryUser, user_group_id=2, status=ACTIVE, start_date=2023-03-11, end_date=2024-03-11, address=East Zana}
HTTP/1.1 200 OK
Date: Tue, 27 Feb 2024 20:21:51 GMT
Server: Apache/2.4.18 (Ubuntu)
Access-Control-Allow-Origin: *
Access-Control-Expose-Headers: Content-Length, X-JSON
Access-Control-Allow-Methods: GET, POST, PATCH, PUT, DELETE, OPTIONS
Access-Control-Allow-Headers: *
Content-Length: 58
Keep-Alive: timeout=5, max=100
Connection: Keep-Alive
Content-Type: application/json; charset=utf-8

{
    "message": "The user has been created.",
    "user_id": "13242"
}
]]></system-out>
  </testcase>
  <testcase name="Create a new user all layers" classname="As a librarian, I want to create a new user" time="16">
    <system-out><![CDATA[Connecting to database...
CONNECTION SUCCESSFUL
HTTP/1.1 200 OK
Date: Tue, 27 Feb 2024 20:22:02 GMT
Server: Apache/2.4.18 (Ubuntu)
Access-Control-Allow-Origin: *
Access-Control-Expose-Headers: Content-Length, X-JSON
Access-Control-Allow-Methods: GET, POST, PATCH, PUT, DELETE, OPTIONS
Access-Control-Allow-Headers: *
Content-Length: 604
Keep-Alive: timeout=5, max=100
Connection: Keep-Alive
Content-Type: application/json; charset=utf-8

{
    "token": "eyJ0eXAiOiJKV1QiLCJhbGciOiJIUzI1NiJ9.eyJ1c2VyIjp7ImlkIjoiMTI0NTUiLCJmdWxsX25hbWUiOiJUZXN0IExpYnJhcmlhbiAxMCIsImVtYWlsIjoibGlicmFyaWFuMTBAbGlicmFyeSIsInVzZXJfZ3JvdXBfaWQiOiIyIn0sImlhdCI6MTcwOTA2NTMyMiwiZXhwIjoxNzExNjU3MzIyfQ.vqkTOjEhleDcKWLHoF4xwWj1Yv50amsCxsXY_lHJg4M",
    "redirect_uri": "//library2.cydeo.com/redirect.html?t=eyJ0eXAiOiJKV1QiLCJhbGciOiJIUzI1NiJ9.eyJ1c2VyIjp7ImlkIjoiMTI0NTUiLCJmdWxsX25hbWUiOiJUZXN0IExpYnJhcmlhbiAxMCIsImVtYWlsIjoibGlicmFyaWFuMTBAbGlicmFyeSIsInVzZXJfZ3JvdXBfaWQiOiIyIn0sImlhdCI6MTcwOTA2NTMyMiwiZXhwIjoxNzExNjU3MzIyfQ.vqkTOjEhleDcKWLHoF4xwWj1Yv50amsCxsXY_lHJg4M"
}
Jodee49@library
requestMap = {full_name=Jodee Bogan, email=Jodee49@library, password=libraryUser, user_group_id=2, status=ACTIVE, start_date=2023-03-11, end_date=2024-03-11, address=Port Olliefort}
HTTP/1.1 200 OK
Date: Tue, 27 Feb 2024 20:22:02 GMT
Server: Apache/2.4.18 (Ubuntu)
Access-Control-Allow-Origin: *
Access-Control-Expose-Headers: Content-Length, X-JSON
Access-Control-Allow-Methods: GET, POST, PATCH, PUT, DELETE, OPTIONS
Access-Control-Allow-Headers: *
Content-Length: 58
Keep-Alive: timeout=5, max=100
Connection: Keep-Alive
Content-Type: application/json; charset=utf-8

{
    "message": "The user has been created.",
    "user_id": "13243"
}
User is generated with following ID = 13243
dbUSer information is retrieved from database = {full_name=Jodee Bogan, email=Jodee49@library, user_group_id=2, status=ACTIVE, start_date=2023-03-11, end_date=2024-03-11, address=Port Olliefort}
POSTED Data from API = {full_name=Jodee Bogan, email=Jodee49@library, password=libraryUser, user_group_id=2, status=ACTIVE, start_date=2023-03-11, end_date=2024-03-11, address=Port Olliefort}
Created user trying to login = Jodee49@library
Created user trying to login = libraryUser
close database connection...
]]></system-out>
    <system-err><![CDATA[Feb 27, 2024 3:21:59 P.M. org.openqa.selenium.devtools.CdpVersionFinder findNearestMatch
WARNING: Unable to find an exact match for CDP version 121, returning the closest version; found: 119; Please update to a Selenium version that supports CDP version 121
]]></system-err>
  </testcase>
</testsuite>